Determining if the include file winsock2.h exists failed with the following output:
Change Dir: /home/client1/桌面/robocup3D标准平台安装/robocup3D/robocup3D/simspark-0.2.4/build/CMakeFiles/CMakeTmp

Run Build Command:"/usr/bin/make" "cmTC_476db/fast"
/usr/bin/make -f CMakeFiles/cmTC_476db.dir/build.make CMakeFiles/cmTC_476db.dir/build
make[1]: Entering directory '/home/client1/桌面/robocup3D标准平台安装/robocup3D/robocup3D/simspark-0.2.4/build/CMakeFiles/CMakeTmp'
Building C object CMakeFiles/cmTC_476db.dir/CheckIncludeFile.c.o
/usr/bin/cc     -o CMakeFiles/cmTC_476db.dir/CheckIncludeFile.c.o   -c /home/client1/桌面/robocup3D标准平台安装/robocup3D/robocup3D/simspark-0.2.4/build/CMakeFiles/CMakeTmp/CheckIncludeFile.c
/home/client1/桌面/robocup3D标准平台安装/robocup3D/robocup3D/simspark-0.2.4/build/CMakeFiles/CMakeTmp/CheckIncludeFile.c:1:22: fatal error: winsock2.h: 没有那个文件或目录
compilation terminated.
CMakeFiles/cmTC_476db.dir/build.make:65: recipe for target 'CMakeFiles/cmTC_476db.dir/CheckIncludeFile.c.o' failed
make[1]: *** [CMakeFiles/cmTC_476db.dir/CheckIncludeFile.c.o] Error 1
make[1]: Leaving directory '/home/client1/桌面/robocup3D标准平台安装/robocup3D/robocup3D/simspark-0.2.4/build/CMakeFiles/CMakeTmp'
Makefile:126: recipe for target 'cmTC_476db/fast' failed
make: *** [cmTC_476db/fast] Error 2


Determining if the include file CoreFoundation/CoreFoundation.h exists failed with the following output:
Change Dir: /home/client1/桌面/robocup3D标准平台安装/robocup3D/robocup3D/simspark-0.2.4/build/CMakeFiles/CMakeTmp

Run Build Command:"/usr/bin/make" "cmTC_6f91d/fast"
/usr/bin/make -f CMakeFiles/cmTC_6f91d.dir/build.make CMakeFiles/cmTC_6f91d.dir/build
make[1]: Entering directory '/home/client1/桌面/robocup3D标准平台安装/robocup3D/robocup3D/simspark-0.2.4/build/CMakeFiles/CMakeTmp'
Building C object CMakeFiles/cmTC_6f91d.dir/CheckIncludeFile.c.o
/usr/bin/cc     -o CMakeFiles/cmTC_6f91d.dir/CheckIncludeFile.c.o   -c /home/client1/桌面/robocup3D标准平台安装/robocup3D/robocup3D/simspark-0.2.4/build/CMakeFiles/CMakeTmp/CheckIncludeFile.c
/home/client1/桌面/robocup3D标准平台安装/robocup3D/robocup3D/simspark-0.2.4/build/CMakeFiles/CMakeTmp/CheckIncludeFile.c:1:43: fatal error: CoreFoundation/CoreFoundation.h: 没有那个文件或目录
compilation terminated.
CMakeFiles/cmTC_6f91d.dir/build.make:65: recipe for target 'CMakeFiles/cmTC_6f91d.dir/CheckIncludeFile.c.o' failed
make[1]: *** [CMakeFiles/cmTC_6f91d.dir/CheckIncludeFile.c.o] Error 1
make[1]: Leaving directory '/home/client1/桌面/robocup3D标准平台安装/robocup3D/robocup3D/simspark-0.2.4/build/CMakeFiles/CMakeTmp'
Makefile:126: recipe for target 'cmTC_6f91d/fast' failed
make: *** [cmTC_6f91d/fast] Error 2


Determining if the pthread_create exist failed with the following output:
Change Dir: /home/client1/桌面/robocup3D标准平台安装/robocup3D/robocup3D/simspark-0.2.4/build/CMakeFiles/CMakeTmp

Run Build Command:"/usr/bin/make" "cmTC_0c7b7/fast"
/usr/bin/make -f CMakeFiles/cmTC_0c7b7.dir/build.make CMakeFiles/cmTC_0c7b7.dir/build
make[1]: Entering directory '/home/client1/桌面/robocup3D标准平台安装/robocup3D/robocup3D/simspark-0.2.4/build/CMakeFiles/CMakeTmp'
Building C object CMakeFiles/cmTC_0c7b7.dir/CheckSymbolExists.c.o
/usr/bin/cc     -o CMakeFiles/cmTC_0c7b7.dir/CheckSymbolExists.c.o   -c /home/client1/桌面/robocup3D标准平台安装/robocup3D/robocup3D/simspark-0.2.4/build/CMakeFiles/CMakeTmp/CheckSymbolExists.c
Linking C executable cmTC_0c7b7
/usr/bin/cmake -E cmake_link_script CMakeFiles/cmTC_0c7b7.dir/link.txt --verbose=1
/usr/bin/cc       CMakeFiles/cmTC_0c7b7.dir/CheckSymbolExists.c.o  -o cmTC_0c7b7 -rdynamic 
CMakeFiles/cmTC_0c7b7.dir/CheckSymbolExists.c.o：在函数‘main’中：
CheckSymbolExists.c:(.text+0x16)：对‘pthread_create’未定义的引用
collect2: error: ld returned 1 exit status
CMakeFiles/cmTC_0c7b7.dir/build.make:97: recipe for target 'cmTC_0c7b7' failed
make[1]: *** [cmTC_0c7b7] Error 1
make[1]: Leaving directory '/home/client1/桌面/robocup3D标准平台安装/robocup3D/robocup3D/simspark-0.2.4/build/CMakeFiles/CMakeTmp'
Makefile:126: recipe for target 'cmTC_0c7b7/fast' failed
make: *** [cmTC_0c7b7/fast] Error 2

File /home/client1/桌面/robocup3D标准平台安装/robocup3D/robocup3D/simspark-0.2.4/build/CMakeFiles/CMakeTmp/CheckSymbolExists.c:
/* */
#include <pthread.h>

int main(int argc, char** argv)
{
  (void)argv;
#ifndef pthread_create
  return ((int*)(&pthread_create))[argc];
#else
  (void)argc;
  return 0;
#endif
}

Determining if the function pthread_create exists in the pthreads failed with the following output:
Change Dir: /home/client1/桌面/robocup3D标准平台安装/robocup3D/robocup3D/simspark-0.2.4/build/CMakeFiles/CMakeTmp

Run Build Command:"/usr/bin/make" "cmTC_ade75/fast"
/usr/bin/make -f CMakeFiles/cmTC_ade75.dir/build.make CMakeFiles/cmTC_ade75.dir/build
make[1]: Entering directory '/home/client1/桌面/robocup3D标准平台安装/robocup3D/robocup3D/simspark-0.2.4/build/CMakeFiles/CMakeTmp'
Building C object CMakeFiles/cmTC_ade75.dir/CheckFunctionExists.c.o
/usr/bin/cc    -DCHECK_FUNCTION_EXISTS=pthread_create   -o CMakeFiles/cmTC_ade75.dir/CheckFunctionExists.c.o   -c /usr/share/cmake-3.5/Modules/CheckFunctionExists.c
Linking C executable cmTC_ade75
/usr/bin/cmake -E cmake_link_script CMakeFiles/cmTC_ade75.dir/link.txt --verbose=1
/usr/bin/cc   -DCHECK_FUNCTION_EXISTS=pthread_create    CMakeFiles/cmTC_ade75.dir/CheckFunctionExists.c.o  -o cmTC_ade75 -rdynamic -lpthreads 
/usr/bin/ld: 找不到 -lpthreads
collect2: error: ld returned 1 exit status
CMakeFiles/cmTC_ade75.dir/build.make:97: recipe for target 'cmTC_ade75' failed
make[1]: *** [cmTC_ade75] Error 1
make[1]: Leaving directory '/home/client1/桌面/robocup3D标准平台安装/robocup3D/robocup3D/simspark-0.2.4/build/CMakeFiles/CMakeTmp'
Makefile:126: recipe for target 'cmTC_ade75/fast' failed
make: *** [cmTC_ade75/fast] Error 2


Determining if the function strupr exists failed with the following output:
Change Dir: /home/client1/桌面/robocup3D标准平台安装/robocup3D/robocup3D/simspark-0.2.4/build/CMakeFiles/CMakeTmp

Run Build Command:"/usr/bin/make" "cmTC_7b94f/fast"
/usr/bin/make -f CMakeFiles/cmTC_7b94f.dir/build.make CMakeFiles/cmTC_7b94f.dir/build
make[1]: Entering directory '/home/client1/桌面/robocup3D标准平台安装/robocup3D/robocup3D/simspark-0.2.4/build/CMakeFiles/CMakeTmp'
Building C object CMakeFiles/cmTC_7b94f.dir/CheckFunctionExists.c.o
/usr/bin/cc    -DCHECK_FUNCTION_EXISTS=strupr   -o CMakeFiles/cmTC_7b94f.dir/CheckFunctionExists.c.o   -c /usr/share/cmake-3.5/Modules/CheckFunctionExists.c
Linking C executable cmTC_7b94f
/usr/bin/cmake -E cmake_link_script CMakeFiles/cmTC_7b94f.dir/link.txt --verbose=1
/usr/bin/cc   -DCHECK_FUNCTION_EXISTS=strupr    CMakeFiles/cmTC_7b94f.dir/CheckFunctionExists.c.o  -o cmTC_7b94f -rdynamic 
CMakeFiles/cmTC_7b94f.dir/CheckFunctionExists.c.o：在函数‘main’中：
CheckFunctionExists.c:(.text+0x15)：对‘strupr’未定义的引用
collect2: error: ld returned 1 exit status
CMakeFiles/cmTC_7b94f.dir/build.make:97: recipe for target 'cmTC_7b94f' failed
make[1]: *** [cmTC_7b94f] Error 1
make[1]: Leaving directory '/home/client1/桌面/robocup3D标准平台安装/robocup3D/robocup3D/simspark-0.2.4/build/CMakeFiles/CMakeTmp'
Makefile:126: recipe for target 'cmTC_7b94f/fast' failed
make: *** [cmTC_7b94f/fast] Error 2


